<?xml version="1.0" encoding="UTF-8"?>
<!-- Generated by org.testng.reporters.JUnitXMLReporter -->
<testsuite hostname="Laptop" name="Default test" tests="4" failures="0" timestamp="22 Oct 2019 16:13:11 GMT" time="94.328" errors="0">
  <testcase name="verifyLoginPageTitleTest" time="0.268" classname="com.qa.hubspot.tests.LoginPageTest"/>
  <testcase name="verifySignUpLinkTest" time="0.96" classname="com.qa.hubspot.tests.LoginPageTest"/>
  <testcase name="loginTestWithCorrectCredentialsTest" time="11.523" classname="com.qa.hubspot.tests.LoginPageTest"/>
  <testcase name="loginTestWithInCorrectCredentialsTest" time="13.441" classname="com.qa.hubspot.tests.LoginPageTest"/>
</testsuite> <!-- Default test -->
