<?xml version="1.0" encoding="UTF-8"?>
<!-- Generated by org.testng.reporters.JUnitXMLReporter -->
<testsuite hostname="Laptop" ignored="0" name="HubSpot App Sanity Test cases" tests="2" failures="0" timestamp="21 Oct 2019 15:25:47 GMT" time="80.176" errors="0">
  <testcase name="verifyLoginPageTitleTest" time="5.146" classname="com.qa.hubspot.tests.LoginPageTest"/>
  <testcase name="verifyHomePageTitleTest" time="5.347" classname="com.qa.hubspot.tests.HomePageTest"/>
</testsuite> <!-- HubSpot App Sanity Test cases -->
