<?xml version="1.0" encoding="UTF-8"?>
<testng-results skipped="0" failed="0" total="4" passed="4">
  <reporter-output>
  </reporter-output>
  <suite name="Default suite" duration-ms="94328" started-at="2019-10-22T16:11:37Z" finished-at="2019-10-22T16:13:11Z">
    <groups>
    </groups>
    <test name="Default test" duration-ms="94328" started-at="2019-10-22T16:11:37Z" finished-at="2019-10-22T16:13:11Z">
      <class name="com.qa.hubspot.tests.LoginPageTest">
        <test-method status="PASS" signature="setUp()[pri:0, instance:com.qa.hubspot.tests.LoginPageTest@290dbf45]" name="setUp" is-config="true" duration-ms="18030" started-at="2019-10-22T21:41:37Z" finished-at="2019-10-22T21:41:55Z">
          <reporter-output>
          </reporter-output>
        </test-method> <!-- setUp -->
        <test-method status="PASS" signature="verifyLoginPageTitleTest()[pri:1, instance:com.qa.hubspot.tests.LoginPageTest@290dbf45]" name="verifyLoginPageTitleTest" duration-ms="268" started-at="2019-10-22T21:41:55Z" finished-at="2019-10-22T21:41:55Z">
          <reporter-output>
          </reporter-output>
        </test-method> <!-- verifyLoginPageTitleTest -->
        <test-method status="PASS" signature="tearDown()[pri:0, instance:com.qa.hubspot.tests.LoginPageTest@290dbf45]" name="tearDown" is-config="true" duration-ms="1245" started-at="2019-10-22T21:41:55Z" finished-at="2019-10-22T21:41:57Z">
          <reporter-output>
          </reporter-output>
        </test-method> <!-- tearDown -->
        <test-method status="PASS" signature="setUp()[pri:0, instance:com.qa.hubspot.tests.LoginPageTest@290dbf45]" name="setUp" is-config="true" duration-ms="13878" started-at="2019-10-22T21:41:57Z" finished-at="2019-10-22T21:42:10Z">
          <reporter-output>
          </reporter-output>
        </test-method> <!-- setUp -->
        <test-method status="PASS" signature="verifySignUpLinkTest()[pri:2, instance:com.qa.hubspot.tests.LoginPageTest@290dbf45]" name="verifySignUpLinkTest" duration-ms="960" started-at="2019-10-22T21:42:10Z" finished-at="2019-10-22T21:42:11Z">
          <reporter-output>
          </reporter-output>
        </test-method> <!-- verifySignUpLinkTest -->
        <test-method status="PASS" signature="tearDown()[pri:0, instance:com.qa.hubspot.tests.LoginPageTest@290dbf45]" name="tearDown" is-config="true" duration-ms="1191" started-at="2019-10-22T21:42:11Z" finished-at="2019-10-22T21:42:13Z">
          <reporter-output>
          </reporter-output>
        </test-method> <!-- tearDown -->
        <test-method status="PASS" signature="setUp()[pri:0, instance:com.qa.hubspot.tests.LoginPageTest@290dbf45]" name="setUp" is-config="true" duration-ms="13007" started-at="2019-10-22T21:42:13Z" finished-at="2019-10-22T21:42:26Z">
          <reporter-output>
          </reporter-output>
        </test-method> <!-- setUp -->
        <test-method status="PASS" signature="loginTestWithCorrectCredentialsTest()[pri:3, instance:com.qa.hubspot.tests.LoginPageTest@290dbf45]" name="loginTestWithCorrectCredentialsTest" duration-ms="11523" started-at="2019-10-22T21:42:26Z" finished-at="2019-10-22T21:42:37Z">
          <reporter-output>
          </reporter-output>
        </test-method> <!-- loginTestWithCorrectCredentialsTest -->
        <test-method status="PASS" signature="tearDown()[pri:0, instance:com.qa.hubspot.tests.LoginPageTest@290dbf45]" name="tearDown" is-config="true" duration-ms="1248" started-at="2019-10-22T21:42:37Z" finished-at="2019-10-22T21:42:39Z">
          <reporter-output>
          </reporter-output>
        </test-method> <!-- tearDown -->
        <test-method status="PASS" signature="setUp()[pri:0, instance:com.qa.hubspot.tests.LoginPageTest@290dbf45]" name="setUp" is-config="true" duration-ms="18170" started-at="2019-10-22T21:42:39Z" finished-at="2019-10-22T21:42:57Z">
          <reporter-output>
          </reporter-output>
        </test-method> <!-- setUp -->
        <test-method status="PASS" signature="loginTestWithInCorrectCredentialsTest()[pri:4, instance:com.qa.hubspot.tests.LoginPageTest@290dbf45]" name="loginTestWithInCorrectCredentialsTest" duration-ms="13441" started-at="2019-10-22T21:42:57Z" finished-at="2019-10-22T21:43:10Z">
          <reporter-output>
          </reporter-output>
        </test-method> <!-- loginTestWithInCorrectCredentialsTest -->
        <test-method status="PASS" signature="tearDown()[pri:0, instance:com.qa.hubspot.tests.LoginPageTest@290dbf45]" name="tearDown" is-config="true" duration-ms="1067" started-at="2019-10-22T21:43:10Z" finished-at="2019-10-22T21:43:11Z">
          <reporter-output>
          </reporter-output>
        </test-method> <!-- tearDown -->
      </class> <!-- com.qa.hubspot.tests.LoginPageTest -->
    </test> <!-- Default test -->
  </suite> <!-- Default suite -->
</testng-results>
